> Task :compileJava
> Task :processResources UP-TO-DATE
> Task :classes
> Task :resolveMainClassName

> Task :bootRun

  .   ____          _            __ _ _
 /\\ / ___'_ __ _ _(_)_ __  __ _ \ \ \ \
( ( )\___ | '_ | '_| | '_ \/ _` | \ \ \ \
 \\/  ___)| |_)| | | | | || (_| |  ) ) ) )
  '  |____| .__|_| |_|_| |_\__, | / / / /
 =========|_|==============|___/=/_/_/_/

[32m :: Spring Boot :: [39m              [2m (v3.5.0)[0;39m

[2m2026-02-12T14:55:11.005+07:00[0;39m [32m INFO[0;39m [35m10568[0;39m [2m--- [           main] [0;39m[36mcom.blockcode.hotel.HotelApplication    [0;39m [2m:[0;39m Starting HotelApplication using Java 21.0.8 with PID 10568 (/Volumes/Projects/Projects/BiTi/hotel-system/backend/build/classes/java/main started by blockcode in /Volumes/Projects/Projects/BiTi/hotel-system/backend)
[2m2026-02-12T14:55:11.007+07:00[0;39m [32m INFO[0;39m [35m10568[0;39m [2m--- [           main] [0;39m[36mcom.blockcode.hotel.HotelApplication    [0;39m [2m:[0;39m No active profile set, falling back to 1 default profile: "default"
[2m2026-02-12T14:55:12.140+07:00[0;39m [32m INFO[0;39m [35m10568[0;39m [2m--- [           main] [0;39m[36m.s.d.r.c.RepositoryConfigurationDelegate[0;39m [2m:[0;39m Bootstrapping Spring Data JPA repositories in DEFAULT mode.
[2m2026-02-12T14:55:12.307+07:00[0;39m [32m INFO[0;39m [35m10568[0;39m [2m--- [           main] [0;39m[36m.s.d.r.c.RepositoryConfigurationDelegate[0;39m [2m:[0;39m Finished Spring Data repository scanning in 156 ms. Found 41 JPA repository interfaces.
[2m2026-02-12T14:55:12.958+07:00[0;39m [32m INFO[0;39m [35m10568[0;39m [2m--- [           main] [0;39m[36mo.s.b.w.embedded.tomcat.TomcatWebServer [0;39m [2m:[0;39m Tomcat initialized with port 8080 (http)
[2m2026-02-12T14:55:12.975+07:00[0;39m [32m INFO[0;39m [35m10568[0;39m [2m--- [           main] [0;39m[36mo.apache.catalina.core.StandardService  [0;39m [2m:[0;39m Starting service [Tomcat]
[2m2026-02-12T14:55:12.975+07:00[0;39m [32m INFO[0;39m [35m10568[0;39m [2m--- [           main] [0;39m[36mo.apache.catalina.core.StandardEngine   [0;39m [2m:[0;39m Starting Servlet engine: [Apache Tomcat/10.1.41]
[2m2026-02-12T14:55:13.026+07:00[0;39m [32m INFO[0;39m [35m10568[0;39m [2m--- [           main] [0;39m[36mo.a.c.c.C.[Tomcat].[localhost].[/]      [0;39m [2m:[0;39m Initializing Spring embedded WebApplicationContext
[2m2026-02-12T14:55:13.027+07:00[0;39m [32m INFO[0;39m [35m10568[0;39m [2m--- [           main] [0;39m[36mw.s.c.ServletWebServerApplicationContext[0;39m [2m:[0;39m Root WebApplicationContext: initialization completed in 1982 ms
[2m2026-02-12T14:55:13.418+07:00[0;39m [32m INFO[0;39m [35m10568[0;39m [2m--- [           main] [0;39m[36mcom.zaxxer.hikari.HikariDataSource      [0;39m [2m:[0;39m HikariPool-1 - Starting...
[2m2026-02-12T14:55:13.559+07:00[0;39m [32m INFO[0;39m [35m10568[0;39m [2m--- [           main] [0;39m[36mcom.zaxxer.hikari.pool.HikariPool       [0;39m [2m:[0;39m HikariPool-1 - Added connection org.postgresql.jdbc.PgConnection@1dbeedff
[2m2026-02-12T14:55:13.560+07:00[0;39m [32m INFO[0;39m [35m10568[0;39m [2m--- [           main] [0;39m[36mcom.zaxxer.hikari.HikariDataSource      [0;39m [2m:[0;39m HikariPool-1 - Start completed.
[2m2026-02-12T14:55:13.587+07:00[0;39m [32m INFO[0;39m [35m10568[0;39m [2m--- [           main] [0;39m[36morg.flywaydb.core.FlywayExecutor        [0;39m [2m:[0;39m Database: jdbc:postgresql://localhost:5432/hotel_system (PostgreSQL 17.7)
[2m2026-02-12T14:55:13.642+07:00[0;39m [32m INFO[0;39m [35m10568[0;39m [2m--- [           main] [0;39m[36mo.f.core.internal.command.DbValidate    [0;39m [2m:[0;39m Successfully validated 30 migrations (execution time 00:00.038s)
[2m2026-02-12T14:55:13.661+07:00[0;39m [32m INFO[0;39m [35m10568[0;39m [2m--- [           main] [0;39m[36mo.f.core.internal.command.DbMigrate     [0;39m [2m:[0;39m Current version of schema "public": 030
[2m2026-02-12T14:55:13.665+07:00[0;39m [32m INFO[0;39m [35m10568[0;39m [2m--- [           main] [0;39m[36mo.f.core.internal.command.DbMigrate     [0;39m [2m:[0;39m Schema "public" is up to date. No migration necessary.
[2m2026-02-12T14:55:13.756+07:00[0;39m [32m INFO[0;39m [35m10568[0;39m [2m--- [           main] [0;39m[36mo.hibernate.jpa.internal.util.LogHelper [0;39m [2m:[0;39m HHH000204: Processing PersistenceUnitInfo [name: default]
[2m2026-02-12T14:55:13.800+07:00[0;39m [32m INFO[0;39m [35m10568[0;39m [2m--- [           main] [0;39m[36morg.hibernate.Version                   [0;39m [2m:[0;39m HHH000412: Hibernate ORM core version 6.6.15.Final
[2m2026-02-12T14:55:13.826+07:00[0;39m [32m INFO[0;39m [35m10568[0;39m [2m--- [           main] [0;39m[36mo.h.c.internal.RegionFactoryInitiator   [0;39m [2m:[0;39m HHH000026: Second-level cache disabled
[2m2026-02-12T14:55:14.075+07:00[0;39m [32m INFO[0;39m [35m10568[0;39m [2m--- [           main] [0;39m[36mo.s.o.j.p.SpringPersistenceUnitInfo     [0;39m [2m:[0;39m No LoadTimeWeaver setup: ignoring JPA class transformer
[2m2026-02-12T14:55:14.146+07:00[0;39m [32m INFO[0;39m [35m10568[0;39m [2m--- [           main] [0;39m[36morg.hibernate.orm.connections.pooling   [0;39m [2m:[0;39m HHH10001005: Database info:
	Database JDBC URL [Connecting through datasource 'HikariDataSource (HikariPool-1)']
	Database driver: undefined/unknown
	Database version: 17.7
	Autocommit mode: undefined/unknown
	Isolation level: undefined/unknown
	Minimum pool size: undefined/unknown
	Maximum pool size: undefined/unknown
[2m2026-02-12T14:55:15.458+07:00[0;39m [32m INFO[0;39m [35m10568[0;39m [2m--- [           main] [0;39m[36mo.h.e.t.j.p.i.JtaPlatformInitiator      [0;39m [2m:[0;39m HHH000489: No JTA platform available (set 'hibernate.transaction.jta.platform' to enable JTA platform integration)
[2m2026-02-12T14:55:15.506+07:00[0;39m [32m INFO[0;39m [35m10568[0;39m [2m--- [           main] [0;39m[36mj.LocalContainerEntityManagerFactoryBean[0;39m [2m:[0;39m Initialized JPA EntityManagerFactory for persistence unit 'default'
[2m2026-02-12T14:55:15.942+07:00[0;39m [32m INFO[0;39m [35m10568[0;39m [2m--- [           main] [0;39m[36mo.s.d.j.r.query.QueryEnhancerFactory    [0;39m [2m:[0;39m Hibernate is in classpath; If applicable, HQL parser will be used.
[2m2026-02-12T14:55:20.422+07:00[0;39m [32m INFO[0;39m [35m10568[0;39m [2m--- [           main] [0;39m[36meAuthenticationProviderManagerConfigurer[0;39m [2m:[0;39m Global AuthenticationManager configured with AuthenticationProvider bean with name authenticationProvider
[2m2026-02-12T14:55:20.422+07:00[0;39m [33m WARN[0;39m [35m10568[0;39m [2m--- [           main] [0;39m[36mr$InitializeUserDetailsManagerConfigurer[0;39m [2m:[0;39m Global AuthenticationManager configured with an AuthenticationProvider bean. UserDetailsService beans will not be used by Spring Security for automatically configuring username/password login. Consider removing the AuthenticationProvider bean. Alternatively, consider using the UserDetailsService in a manually instantiated DaoAuthenticationProvider. If the current configuration is intentional, to turn off this warning, increase the logging level of 'org.springframework.security.config.annotation.authentication.configuration.InitializeUserDetailsBeanManagerConfigurer' to ERROR
[2m2026-02-12T14:55:20.834+07:00[0;39m [32m INFO[0;39m [35m10568[0;39m [2m--- [           main] [0;39m[36mo.s.b.a.e.web.EndpointLinksResolver     [0;39m [2m:[0;39m Exposing 1 endpoint beneath base path '/actuator'
[2m2026-02-12T14:55:21.317+07:00[0;39m [32m INFO[0;39m [35m10568[0;39m [2m--- [           main] [0;39m[36mo.s.b.w.embedded.tomcat.TomcatWebServer [0;39m [2m:[0;39m Tomcat started on port 8080 (http) with context path '/'
[2m2026-02-12T14:55:21.330+07:00[0;39m [32m INFO[0;39m [35m10568[0;39m [2m--- [           main] [0;39m[36mcom.blockcode.hotel.HotelApplication    [0;39m [2m:[0;39m Started HotelApplication in 10.8 seconds (process running for 11.142)
[2m2026-02-12T14:56:07.617+07:00[0;39m [32m INFO[0;39m [35m10568[0;39m [2m--- [nio-8080-exec-1] [0;39m[36mo.a.c.c.C.[Tomcat].[localhost].[/]      [0;39m [2m:[0;39m Initializing Spring DispatcherServlet 'dispatcherServlet'
[2m2026-02-12T14:56:07.617+07:00[0;39m [32m INFO[0;39m [35m10568[0;39m [2m--- [nio-8080-exec-1] [0;39m[36mo.s.web.servlet.DispatcherServlet       [0;39m [2m:[0;39m Initializing Servlet 'dispatcherServlet'
[2m2026-02-12T14:56:07.620+07:00[0;39m [32m INFO[0;39m [35m10568[0;39m [2m--- [nio-8080-exec-1] [0;39m[36mo.s.web.servlet.DispatcherServlet       [0;39m [2m:[0;39m Completed initialization in 2 ms

> Task :bootRun FAILED

FAILURE: Build failed with an exception.

* What went wrong:
Execution failed for task ':bootRun'.
> Process 'command '/Library/Java/JavaVirtualMachines/temurin-21.jdk/Contents/Home/bin/java'' finished with non-zero exit value 137

* Try:
> Run with --stacktrace option to get the stack trace.
> Run with --info or --debug option to get more log output.
> Run with --scan to get full insights.
> Get more help at https://help.gradle.org.

BUILD FAILED in 3m 48s
4 actionable tasks: 3 executed, 1 up-to-date
