> Task :compileJava UP-TO-DATE
> Task :processResources UP-TO-DATE
> Task :classes UP-TO-DATE
> Task :resolveMainClassName UP-TO-DATE

> Task :bootRun

  .   ____          _            __ _ _
 /\\ / ___'_ __ _ _(_)_ __  __ _ \ \ \ \
( ( )\___ | '_ | '_| | '_ \/ _` | \ \ \ \
 \\/  ___)| |_)| | | | | || (_| |  ) ) ) )
  '  |____| .__|_| |_|_| |_\__, | / / / /
 =========|_|==============|___/=/_/_/_/

[32m :: Spring Boot :: [39m              [2m (v3.5.0)[0;39m

[2m2026-02-06T18:31:30.258+07:00[0;39m [32m INFO[0;39m [35m2143[0;39m [2m--- [           main] [0;39m[36mcom.blockcode.hotel.HotelApplication    [0;39m [2m:[0;39m Starting HotelApplication using Java 21.0.8 with PID 2143 (/Volumes/Projects/Projects/BiTi/hotel-system/backend/build/classes/java/main started by blockcode in /Volumes/Projects/Projects/BiTi/hotel-system/backend)
[2m2026-02-06T18:31:30.260+07:00[0;39m [32m INFO[0;39m [35m2143[0;39m [2m--- [           main] [0;39m[36mcom.blockcode.hotel.HotelApplication    [0;39m [2m:[0;39m No active profile set, falling back to 1 default profile: "default"
[2m2026-02-06T18:31:31.268+07:00[0;39m [32m INFO[0;39m [35m2143[0;39m [2m--- [           main] [0;39m[36m.s.d.r.c.RepositoryConfigurationDelegate[0;39m [2m:[0;39m Bootstrapping Spring Data JPA repositories in DEFAULT mode.
[2m2026-02-06T18:31:31.398+07:00[0;39m [32m INFO[0;39m [35m2143[0;39m [2m--- [           main] [0;39m[36m.s.d.r.c.RepositoryConfigurationDelegate[0;39m [2m:[0;39m Finished Spring Data repository scanning in 122 ms. Found 38 JPA repository interfaces.
[2m2026-02-06T18:31:31.970+07:00[0;39m [32m INFO[0;39m [35m2143[0;39m [2m--- [           main] [0;39m[36mo.s.b.w.embedded.tomcat.TomcatWebServer [0;39m [2m:[0;39m Tomcat initialized with port 8080 (http)
[2m2026-02-06T18:31:31.982+07:00[0;39m [32m INFO[0;39m [35m2143[0;39m [2m--- [           main] [0;39m[36mo.apache.catalina.core.StandardService  [0;39m [2m:[0;39m Starting service [Tomcat]
[2m2026-02-06T18:31:31.982+07:00[0;39m [32m INFO[0;39m [35m2143[0;39m [2m--- [           main] [0;39m[36mo.apache.catalina.core.StandardEngine   [0;39m [2m:[0;39m Starting Servlet engine: [Apache Tomcat/10.1.41]
[2m2026-02-06T18:31:32.021+07:00[0;39m [32m INFO[0;39m [35m2143[0;39m [2m--- [           main] [0;39m[36mo.a.c.c.C.[Tomcat].[localhost].[/]      [0;39m [2m:[0;39m Initializing Spring embedded WebApplicationContext
[2m2026-02-06T18:31:32.022+07:00[0;39m [32m INFO[0;39m [35m2143[0;39m [2m--- [           main] [0;39m[36mw.s.c.ServletWebServerApplicationContext[0;39m [2m:[0;39m Root WebApplicationContext: initialization completed in 1729 ms
[2m2026-02-06T18:31:32.368+07:00[0;39m [32m INFO[0;39m [35m2143[0;39m [2m--- [           main] [0;39m[36mcom.zaxxer.hikari.HikariDataSource      [0;39m [2m:[0;39m HikariPool-1 - Starting...
[2m2026-02-06T18:31:32.459+07:00[0;39m [32m INFO[0;39m [35m2143[0;39m [2m--- [           main] [0;39m[36mcom.zaxxer.hikari.pool.HikariPool       [0;39m [2m:[0;39m HikariPool-1 - Added connection org.postgresql.jdbc.PgConnection@3f4a605f
[2m2026-02-06T18:31:32.460+07:00[0;39m [32m INFO[0;39m [35m2143[0;39m [2m--- [           main] [0;39m[36mcom.zaxxer.hikari.HikariDataSource      [0;39m [2m:[0;39m HikariPool-1 - Start completed.
[2m2026-02-06T18:31:32.491+07:00[0;39m [32m INFO[0;39m [35m2143[0;39m [2m--- [           main] [0;39m[36morg.flywaydb.core.FlywayExecutor        [0;39m [2m:[0;39m Database: jdbc:postgresql://localhost:5432/hotel_system (PostgreSQL 17.7)
[2m2026-02-06T18:31:32.536+07:00[0;39m [32m INFO[0;39m [35m2143[0;39m [2m--- [           main] [0;39m[36mo.f.core.internal.command.DbValidate    [0;39m [2m:[0;39m Successfully validated 22 migrations (execution time 00:00.027s)
[2m2026-02-06T18:31:32.554+07:00[0;39m [32m INFO[0;39m [35m2143[0;39m [2m--- [           main] [0;39m[36mo.f.core.internal.command.DbMigrate     [0;39m [2m:[0;39m Current version of schema "public": 021
[2m2026-02-06T18:31:32.564+07:00[0;39m [32m INFO[0;39m [35m2143[0;39m [2m--- [           main] [0;39m[36mo.f.core.internal.command.DbMigrate     [0;39m [2m:[0;39m Migrating schema "public" to version "022 - Create page contents table"
[2m2026-02-06T18:31:32.589+07:00[0;39m [32m INFO[0;39m [35m2143[0;39m [2m--- [           main] [0;39m[36mo.f.core.internal.command.DbMigrate     [0;39m [2m:[0;39m Successfully applied 1 migration to schema "public", now at version v022 (execution time 00:00.013s)
[2m2026-02-06T18:31:32.673+07:00[0;39m [32m INFO[0;39m [35m2143[0;39m [2m--- [           main] [0;39m[36mo.hibernate.jpa.internal.util.LogHelper [0;39m [2m:[0;39m HHH000204: Processing PersistenceUnitInfo [name: default]
[2m2026-02-06T18:31:32.713+07:00[0;39m [32m INFO[0;39m [35m2143[0;39m [2m--- [           main] [0;39m[36morg.hibernate.Version                   [0;39m [2m:[0;39m HHH000412: Hibernate ORM core version 6.6.15.Final
[2m2026-02-06T18:31:32.741+07:00[0;39m [32m INFO[0;39m [35m2143[0;39m [2m--- [           main] [0;39m[36mo.h.c.internal.RegionFactoryInitiator   [0;39m [2m:[0;39m HHH000026: Second-level cache disabled
[2m2026-02-06T18:31:32.980+07:00[0;39m [32m INFO[0;39m [35m2143[0;39m [2m--- [           main] [0;39m[36mo.s.o.j.p.SpringPersistenceUnitInfo     [0;39m [2m:[0;39m No LoadTimeWeaver setup: ignoring JPA class transformer
[2m2026-02-06T18:31:33.049+07:00[0;39m [32m INFO[0;39m [35m2143[0;39m [2m--- [           main] [0;39m[36morg.hibernate.orm.connections.pooling   [0;39m [2m:[0;39m HHH10001005: Database info:
	Database JDBC URL [Connecting through datasource 'HikariDataSource (HikariPool-1)']
	Database driver: undefined/unknown
	Database version: 17.7
	Autocommit mode: undefined/unknown
	Isolation level: undefined/unknown
	Minimum pool size: undefined/unknown
	Maximum pool size: undefined/unknown
[2m2026-02-06T18:31:34.323+07:00[0;39m [32m INFO[0;39m [35m2143[0;39m [2m--- [           main] [0;39m[36mo.h.e.t.j.p.i.JtaPlatformInitiator      [0;39m [2m:[0;39m HHH000489: No JTA platform available (set 'hibernate.transaction.jta.platform' to enable JTA platform integration)
[2m2026-02-06T18:31:34.374+07:00[0;39m [32m INFO[0;39m [35m2143[0;39m [2m--- [           main] [0;39m[36mj.LocalContainerEntityManagerFactoryBean[0;39m [2m:[0;39m Initialized JPA EntityManagerFactory for persistence unit 'default'
[2m2026-02-06T18:31:34.863+07:00[0;39m [32m INFO[0;39m [35m2143[0;39m [2m--- [           main] [0;39m[36mo.s.d.j.r.query.QueryEnhancerFactory    [0;39m [2m:[0;39m Hibernate is in classpath; If applicable, HQL parser will be used.
[2m2026-02-06T18:31:39.635+07:00[0;39m [32m INFO[0;39m [35m2143[0;39m [2m--- [           main] [0;39m[36meAuthenticationProviderManagerConfigurer[0;39m [2m:[0;39m Global AuthenticationManager configured with AuthenticationProvider bean with name authenticationProvider
[2m2026-02-06T18:31:39.636+07:00[0;39m [33m WARN[0;39m [35m2143[0;39m [2m--- [           main] [0;39m[36mr$InitializeUserDetailsManagerConfigurer[0;39m [2m:[0;39m Global AuthenticationManager configured with an AuthenticationProvider bean. UserDetailsService beans will not be used by Spring Security for automatically configuring username/password login. Consider removing the AuthenticationProvider bean. Alternatively, consider using the UserDetailsService in a manually instantiated DaoAuthenticationProvider. If the current configuration is intentional, to turn off this warning, increase the logging level of 'org.springframework.security.config.annotation.authentication.configuration.InitializeUserDetailsBeanManagerConfigurer' to ERROR
[2m2026-02-06T18:31:40.029+07:00[0;39m [32m INFO[0;39m [35m2143[0;39m [2m--- [           main] [0;39m[36mo.s.b.a.e.web.EndpointLinksResolver     [0;39m [2m:[0;39m Exposing 1 endpoint beneath base path '/actuator'
[2m2026-02-06T18:31:40.496+07:00[0;39m [32m INFO[0;39m [35m2143[0;39m [2m--- [           main] [0;39m[36mo.s.b.w.embedded.tomcat.TomcatWebServer [0;39m [2m:[0;39m Tomcat started on port 8080 (http) with context path '/'
[2m2026-02-06T18:31:40.509+07:00[0;39m [32m INFO[0;39m [35m2143[0;39m [2m--- [           main] [0;39m[36mcom.blockcode.hotel.HotelApplication    [0;39m [2m:[0;39m Started HotelApplication in 10.661 seconds (process running for 10.992)
