> Task :compileJava UP-TO-DATE
> Task :processResources UP-TO-DATE
> Task :classes UP-TO-DATE
> Task :resolveMainClassName UP-TO-DATE

> Task :bootRun

  .   ____          _            __ _ _
 /\\ / ___'_ __ _ _(_)_ __  __ _ \ \ \ \
( ( )\___ | '_ | '_| | '_ \/ _` | \ \ \ \
 \\/  ___)| |_)| | | | | || (_| |  ) ) ) )
  '  |____| .__|_| |_|_| |_\__, | / / / /
 =========|_|==============|___/=/_/_/_/

[32m :: Spring Boot :: [39m              [2m (v3.5.0)[0;39m

[2m2026-02-11T16:39:16.371+07:00[0;39m [32m INFO[0;39m [35m42411[0;39m [2m--- [           main] [0;39m[36mcom.blockcode.hotel.HotelApplication    [0;39m [2m:[0;39m Starting HotelApplication using Java 21.0.8 with PID 42411 (/Volumes/Projects/Projects/BiTi/hotel-system/backend/build/classes/java/main started by blockcode in /Volumes/Projects/Projects/BiTi/hotel-system/backend)
[2m2026-02-11T16:39:16.375+07:00[0;39m [32m INFO[0;39m [35m42411[0;39m [2m--- [           main] [0;39m[36mcom.blockcode.hotel.HotelApplication    [0;39m [2m:[0;39m No active profile set, falling back to 1 default profile: "default"
[2m2026-02-11T16:39:17.296+07:00[0;39m [32m INFO[0;39m [35m42411[0;39m [2m--- [           main] [0;39m[36m.s.d.r.c.RepositoryConfigurationDelegate[0;39m [2m:[0;39m Bootstrapping Spring Data JPA repositories in DEFAULT mode.
[2m2026-02-11T16:39:17.437+07:00[0;39m [32m INFO[0;39m [35m42411[0;39m [2m--- [           main] [0;39m[36m.s.d.r.c.RepositoryConfigurationDelegate[0;39m [2m:[0;39m Finished Spring Data repository scanning in 132 ms. Found 41 JPA repository interfaces.
[2m2026-02-11T16:39:18.007+07:00[0;39m [32m INFO[0;39m [35m42411[0;39m [2m--- [           main] [0;39m[36mo.s.b.w.embedded.tomcat.TomcatWebServer [0;39m [2m:[0;39m Tomcat initialized with port 8080 (http)
[2m2026-02-11T16:39:18.020+07:00[0;39m [32m INFO[0;39m [35m42411[0;39m [2m--- [           main] [0;39m[36mo.apache.catalina.core.StandardService  [0;39m [2m:[0;39m Starting service [Tomcat]
[2m2026-02-11T16:39:18.020+07:00[0;39m [32m INFO[0;39m [35m42411[0;39m [2m--- [           main] [0;39m[36mo.apache.catalina.core.StandardEngine   [0;39m [2m:[0;39m Starting Servlet engine: [Apache Tomcat/10.1.41]
[2m2026-02-11T16:39:18.061+07:00[0;39m [32m INFO[0;39m [35m42411[0;39m [2m--- [           main] [0;39m[36mo.a.c.c.C.[Tomcat].[localhost].[/]      [0;39m [2m:[0;39m Initializing Spring embedded WebApplicationContext
[2m2026-02-11T16:39:18.061+07:00[0;39m [32m INFO[0;39m [35m42411[0;39m [2m--- [           main] [0;39m[36mw.s.c.ServletWebServerApplicationContext[0;39m [2m:[0;39m Root WebApplicationContext: initialization completed in 1654 ms
[2m2026-02-11T16:39:18.419+07:00[0;39m [32m INFO[0;39m [35m42411[0;39m [2m--- [           main] [0;39m[36mcom.zaxxer.hikari.HikariDataSource      [0;39m [2m:[0;39m HikariPool-1 - Starting...
[2m2026-02-11T16:39:18.509+07:00[0;39m [32m INFO[0;39m [35m42411[0;39m [2m--- [           main] [0;39m[36mcom.zaxxer.hikari.pool.HikariPool       [0;39m [2m:[0;39m HikariPool-1 - Added connection org.postgresql.jdbc.PgConnection@4ec0229c
[2m2026-02-11T16:39:18.510+07:00[0;39m [32m INFO[0;39m [35m42411[0;39m [2m--- [           main] [0;39m[36mcom.zaxxer.hikari.HikariDataSource      [0;39m [2m:[0;39m HikariPool-1 - Start completed.
[2m2026-02-11T16:39:18.536+07:00[0;39m [32m INFO[0;39m [35m42411[0;39m [2m--- [           main] [0;39m[36morg.flywaydb.core.FlywayExecutor        [0;39m [2m:[0;39m Database: jdbc:postgresql://localhost:5432/hotel_system (PostgreSQL 17.7)
[2m2026-02-11T16:39:18.584+07:00[0;39m [32m INFO[0;39m [35m42411[0;39m [2m--- [           main] [0;39m[36mo.f.core.internal.command.DbValidate    [0;39m [2m:[0;39m Successfully validated 28 migrations (execution time 00:00.029s)
[2m2026-02-11T16:39:18.602+07:00[0;39m [32m INFO[0;39m [35m42411[0;39m [2m--- [           main] [0;39m[36mo.f.core.internal.command.DbMigrate     [0;39m [2m:[0;39m Current version of schema "public": 027
[2m2026-02-11T16:39:18.613+07:00[0;39m [32m INFO[0;39m [35m42411[0;39m [2m--- [           main] [0;39m[36mo.f.core.internal.command.DbMigrate     [0;39m [2m:[0;39m Migrating schema "public" to version "028 - create notifications table"
[2m2026-02-11T16:39:18.641+07:00[0;39m [32m INFO[0;39m [35m42411[0;39m [2m--- [           main] [0;39m[36mo.f.core.internal.command.DbMigrate     [0;39m [2m:[0;39m Successfully applied 1 migration to schema "public", now at version v028 (execution time 00:00.016s)
[2m2026-02-11T16:39:18.727+07:00[0;39m [32m INFO[0;39m [35m42411[0;39m [2m--- [           main] [0;39m[36mo.hibernate.jpa.internal.util.LogHelper [0;39m [2m:[0;39m HHH000204: Processing PersistenceUnitInfo [name: default]
[2m2026-02-11T16:39:18.768+07:00[0;39m [32m INFO[0;39m [35m42411[0;39m [2m--- [           main] [0;39m[36morg.hibernate.Version                   [0;39m [2m:[0;39m HHH000412: Hibernate ORM core version 6.6.15.Final
[2m2026-02-11T16:39:18.795+07:00[0;39m [32m INFO[0;39m [35m42411[0;39m [2m--- [           main] [0;39m[36mo.h.c.internal.RegionFactoryInitiator   [0;39m [2m:[0;39m HHH000026: Second-level cache disabled
[2m2026-02-11T16:39:19.030+07:00[0;39m [32m INFO[0;39m [35m42411[0;39m [2m--- [           main] [0;39m[36mo.s.o.j.p.SpringPersistenceUnitInfo     [0;39m [2m:[0;39m No LoadTimeWeaver setup: ignoring JPA class transformer
[2m2026-02-11T16:39:19.106+07:00[0;39m [32m INFO[0;39m [35m42411[0;39m [2m--- [           main] [0;39m[36morg.hibernate.orm.connections.pooling   [0;39m [2m:[0;39m HHH10001005: Database info:
	Database JDBC URL [Connecting through datasource 'HikariDataSource (HikariPool-1)']
	Database driver: undefined/unknown
	Database version: 17.7
	Autocommit mode: undefined/unknown
	Isolation level: undefined/unknown
	Minimum pool size: undefined/unknown
	Maximum pool size: undefined/unknown
[2m2026-02-11T16:39:20.383+07:00[0;39m [32m INFO[0;39m [35m42411[0;39m [2m--- [           main] [0;39m[36mo.h.e.t.j.p.i.JtaPlatformInitiator      [0;39m [2m:[0;39m HHH000489: No JTA platform available (set 'hibernate.transaction.jta.platform' to enable JTA platform integration)
[2m2026-02-11T16:39:20.439+07:00[0;39m [32m INFO[0;39m [35m42411[0;39m [2m--- [           main] [0;39m[36mj.LocalContainerEntityManagerFactoryBean[0;39m [2m:[0;39m Initialized JPA EntityManagerFactory for persistence unit 'default'
[2m2026-02-11T16:39:20.936+07:00[0;39m [32m INFO[0;39m [35m42411[0;39m [2m--- [           main] [0;39m[36mo.s.d.j.r.query.QueryEnhancerFactory    [0;39m [2m:[0;39m Hibernate is in classpath; If applicable, HQL parser will be used.
[2m2026-02-11T16:39:25.375+07:00[0;39m [32m INFO[0;39m [35m42411[0;39m [2m--- [           main] [0;39m[36meAuthenticationProviderManagerConfigurer[0;39m [2m:[0;39m Global AuthenticationManager configured with AuthenticationProvider bean with name authenticationProvider
[2m2026-02-11T16:39:25.376+07:00[0;39m [33m WARN[0;39m [35m42411[0;39m [2m--- [           main] [0;39m[36mr$InitializeUserDetailsManagerConfigurer[0;39m [2m:[0;39m Global AuthenticationManager configured with an AuthenticationProvider bean. UserDetailsService beans will not be used by Spring Security for automatically configuring username/password login. Consider removing the AuthenticationProvider bean. Alternatively, consider using the UserDetailsService in a manually instantiated DaoAuthenticationProvider. If the current configuration is intentional, to turn off this warning, increase the logging level of 'org.springframework.security.config.annotation.authentication.configuration.InitializeUserDetailsBeanManagerConfigurer' to ERROR
[2m2026-02-11T16:39:25.784+07:00[0;39m [32m INFO[0;39m [35m42411[0;39m [2m--- [           main] [0;39m[36mo.s.b.a.e.web.EndpointLinksResolver     [0;39m [2m:[0;39m Exposing 1 endpoint beneath base path '/actuator'
[2m2026-02-11T16:39:26.285+07:00[0;39m [32m INFO[0;39m [35m42411[0;39m [2m--- [           main] [0;39m[36mo.s.b.w.embedded.tomcat.TomcatWebServer [0;39m [2m:[0;39m Tomcat started on port 8080 (http) with context path '/'
[2m2026-02-11T16:39:26.298+07:00[0;39m [32m INFO[0;39m [35m42411[0;39m [2m--- [           main] [0;39m[36mcom.blockcode.hotel.HotelApplication    [0;39m [2m:[0;39m Started HotelApplication in 10.356 seconds (process running for 10.713)
[2m2026-02-11T16:40:13.356+07:00[0;39m [32m INFO[0;39m [35m42411[0;39m [2m--- [nio-8080-exec-1] [0;39m[36mo.a.c.c.C.[Tomcat].[localhost].[/]      [0;39m [2m:[0;39m Initializing Spring DispatcherServlet 'dispatcherServlet'
[2m2026-02-11T16:40:13.357+07:00[0;39m [32m INFO[0;39m [35m42411[0;39m [2m--- [nio-8080-exec-1] [0;39m[36mo.s.web.servlet.DispatcherServlet       [0;39m [2m:[0;39m Initializing Servlet 'dispatcherServlet'
[2m2026-02-11T16:40:13.358+07:00[0;39m [32m INFO[0;39m [35m42411[0;39m [2m--- [nio-8080-exec-1] [0;39m[36mo.s.web.servlet.DispatcherServlet       [0;39m [2m:[0;39m Completed initialization in 1 ms
