> Task :compileJava UP-TO-DATE
> Task :processResources UP-TO-DATE
> Task :classes UP-TO-DATE
> Task :resolveMainClassName UP-TO-DATE

> Task :bootRun

  .   ____          _            __ _ _
 /\\ / ___'_ __ _ _(_)_ __  __ _ \ \ \ \
( ( )\___ | '_ | '_| | '_ \/ _` | \ \ \ \
 \\/  ___)| |_)| | | | | || (_| |  ) ) ) )
  '  |____| .__|_| |_|_| |_\__, | / / / /
 =========|_|==============|___/=/_/_/_/

[32m :: Spring Boot :: [39m              [2m (v3.5.0)[0;39m

[2m2026-02-12T14:51:57.937+07:00[0;39m [32m INFO[0;39m [35m10403[0;39m [2m--- [           main] [0;39m[36mcom.blockcode.hotel.HotelApplication    [0;39m [2m:[0;39m Starting HotelApplication using Java 21.0.8 with PID 10403 (/Volumes/Projects/Projects/BiTi/hotel-system/backend/build/classes/java/main started by blockcode in /Volumes/Projects/Projects/BiTi/hotel-system/backend)
[2m2026-02-12T14:51:57.939+07:00[0;39m [32m INFO[0;39m [35m10403[0;39m [2m--- [           main] [0;39m[36mcom.blockcode.hotel.HotelApplication    [0;39m [2m:[0;39m No active profile set, falling back to 1 default profile: "default"
[2m2026-02-12T14:51:59.054+07:00[0;39m [32m INFO[0;39m [35m10403[0;39m [2m--- [           main] [0;39m[36m.s.d.r.c.RepositoryConfigurationDelegate[0;39m [2m:[0;39m Bootstrapping Spring Data JPA repositories in DEFAULT mode.
[2m2026-02-12T14:51:59.207+07:00[0;39m [32m INFO[0;39m [35m10403[0;39m [2m--- [           main] [0;39m[36m.s.d.r.c.RepositoryConfigurationDelegate[0;39m [2m:[0;39m Finished Spring Data repository scanning in 144 ms. Found 41 JPA repository interfaces.
[2m2026-02-12T14:51:59.879+07:00[0;39m [32m INFO[0;39m [35m10403[0;39m [2m--- [           main] [0;39m[36mo.s.b.w.embedded.tomcat.TomcatWebServer [0;39m [2m:[0;39m Tomcat initialized with port 8080 (http)
[2m2026-02-12T14:51:59.895+07:00[0;39m [32m INFO[0;39m [35m10403[0;39m [2m--- [           main] [0;39m[36mo.apache.catalina.core.StandardService  [0;39m [2m:[0;39m Starting service [Tomcat]
[2m2026-02-12T14:51:59.896+07:00[0;39m [32m INFO[0;39m [35m10403[0;39m [2m--- [           main] [0;39m[36mo.apache.catalina.core.StandardEngine   [0;39m [2m:[0;39m Starting Servlet engine: [Apache Tomcat/10.1.41]
[2m2026-02-12T14:51:59.942+07:00[0;39m [32m INFO[0;39m [35m10403[0;39m [2m--- [           main] [0;39m[36mo.a.c.c.C.[Tomcat].[localhost].[/]      [0;39m [2m:[0;39m Initializing Spring embedded WebApplicationContext
[2m2026-02-12T14:51:59.943+07:00[0;39m [32m INFO[0;39m [35m10403[0;39m [2m--- [           main] [0;39m[36mw.s.c.ServletWebServerApplicationContext[0;39m [2m:[0;39m Root WebApplicationContext: initialization completed in 1966 ms
[2m2026-02-12T14:52:00.305+07:00[0;39m [32m INFO[0;39m [35m10403[0;39m [2m--- [           main] [0;39m[36mcom.zaxxer.hikari.HikariDataSource      [0;39m [2m:[0;39m HikariPool-1 - Starting...
[2m2026-02-12T14:52:00.391+07:00[0;39m [32m INFO[0;39m [35m10403[0;39m [2m--- [           main] [0;39m[36mcom.zaxxer.hikari.pool.HikariPool       [0;39m [2m:[0;39m HikariPool-1 - Added connection org.postgresql.jdbc.PgConnection@4d065e1a
[2m2026-02-12T14:52:00.393+07:00[0;39m [32m INFO[0;39m [35m10403[0;39m [2m--- [           main] [0;39m[36mcom.zaxxer.hikari.HikariDataSource      [0;39m [2m:[0;39m HikariPool-1 - Start completed.
[2m2026-02-12T14:52:00.418+07:00[0;39m [32m INFO[0;39m [35m10403[0;39m [2m--- [           main] [0;39m[36morg.flywaydb.core.FlywayExecutor        [0;39m [2m:[0;39m Database: jdbc:postgresql://localhost:5432/hotel_system (PostgreSQL 17.7)
[2m2026-02-12T14:52:00.466+07:00[0;39m [32m INFO[0;39m [35m10403[0;39m [2m--- [           main] [0;39m[36mo.f.core.internal.command.DbValidate    [0;39m [2m:[0;39m Successfully validated 30 migrations (execution time 00:00.030s)
[2m2026-02-12T14:52:00.483+07:00[0;39m [32m INFO[0;39m [35m10403[0;39m [2m--- [           main] [0;39m[36mo.f.core.internal.command.DbMigrate     [0;39m [2m:[0;39m Current version of schema "public": 030
[2m2026-02-12T14:52:00.485+07:00[0;39m [32m INFO[0;39m [35m10403[0;39m [2m--- [           main] [0;39m[36mo.f.core.internal.command.DbMigrate     [0;39m [2m:[0;39m Schema "public" is up to date. No migration necessary.
[2m2026-02-12T14:52:00.574+07:00[0;39m [32m INFO[0;39m [35m10403[0;39m [2m--- [           main] [0;39m[36mo.hibernate.jpa.internal.util.LogHelper [0;39m [2m:[0;39m HHH000204: Processing PersistenceUnitInfo [name: default]
[2m2026-02-12T14:52:00.613+07:00[0;39m [32m INFO[0;39m [35m10403[0;39m [2m--- [           main] [0;39m[36morg.hibernate.Version                   [0;39m [2m:[0;39m HHH000412: Hibernate ORM core version 6.6.15.Final
[2m2026-02-12T14:52:00.639+07:00[0;39m [32m INFO[0;39m [35m10403[0;39m [2m--- [           main] [0;39m[36mo.h.c.internal.RegionFactoryInitiator   [0;39m [2m:[0;39m HHH000026: Second-level cache disabled
[2m2026-02-12T14:52:00.868+07:00[0;39m [32m INFO[0;39m [35m10403[0;39m [2m--- [           main] [0;39m[36mo.s.o.j.p.SpringPersistenceUnitInfo     [0;39m [2m:[0;39m No LoadTimeWeaver setup: ignoring JPA class transformer
[2m2026-02-12T14:52:00.934+07:00[0;39m [32m INFO[0;39m [35m10403[0;39m [2m--- [           main] [0;39m[36morg.hibernate.orm.connections.pooling   [0;39m [2m:[0;39m HHH10001005: Database info:
	Database JDBC URL [Connecting through datasource 'HikariDataSource (HikariPool-1)']
	Database driver: undefined/unknown
	Database version: 17.7
	Autocommit mode: undefined/unknown
	Isolation level: undefined/unknown
	Minimum pool size: undefined/unknown
	Maximum pool size: undefined/unknown
[2m2026-02-12T14:52:02.176+07:00[0;39m [32m INFO[0;39m [35m10403[0;39m [2m--- [           main] [0;39m[36mo.h.e.t.j.p.i.JtaPlatformInitiator      [0;39m [2m:[0;39m HHH000489: No JTA platform available (set 'hibernate.transaction.jta.platform' to enable JTA platform integration)
[2m2026-02-12T14:52:02.229+07:00[0;39m [32m INFO[0;39m [35m10403[0;39m [2m--- [           main] [0;39m[36mj.LocalContainerEntityManagerFactoryBean[0;39m [2m:[0;39m Initialized JPA EntityManagerFactory for persistence unit 'default'
[2m2026-02-12T14:52:02.627+07:00[0;39m [32m INFO[0;39m [35m10403[0;39m [2m--- [           main] [0;39m[36mo.s.d.j.r.query.QueryEnhancerFactory    [0;39m [2m:[0;39m Hibernate is in classpath; If applicable, HQL parser will be used.
[2m2026-02-12T14:52:04.292+07:00[0;39m [33m WARN[0;39m [35m10403[0;39m [2m--- [           main] [0;39m[36mConfigServletWebServerApplicationContext[0;39m [2m:[0;39m Exception encountered during context initialization - cancelling refresh attempt: org.springframework.beans.factory.UnsatisfiedDependencyException: Error creating bean with name 'blogController' defined in file [/Volumes/Projects/Projects/BiTi/hotel-system/backend/build/classes/java/main/com/blockcode/hotel/blog/api/BlogController.class]: Unsatisfied dependency expressed through constructor parameter 0: Error creating bean with name 'blogService' defined in file [/Volumes/Projects/Projects/BiTi/hotel-system/backend/build/classes/java/main/com/blockcode/hotel/blog/application/BlogService.class]: Unsatisfied dependency expressed through constructor parameter 0: Error creating bean with name 'blogRepository' defined in com.blockcode.hotel.blog.infra.BlogRepository defined in @EnableJpaRepositories declared on JpaRepositoriesRegistrar.EnableJpaRepositoriesConfiguration: Could not create query for public abstract java.util.List com.blockcode.hotel.blog.infra.BlogRepository.findAllByActiveTrueOrderByCreatedAtDesc(); Reason: Failed to create query for method public abstract java.util.List com.blockcode.hotel.blog.infra.BlogRepository.findAllByActiveTrueOrderByCreatedAtDesc(); Could not resolve attribute 'active' of 'com.blockcode.hotel.blog.domain.BlogEntity'
[2m2026-02-12T14:52:04.294+07:00[0;39m [32m INFO[0;39m [35m10403[0;39m [2m--- [           main] [0;39m[36mj.LocalContainerEntityManagerFactoryBean[0;39m [2m:[0;39m Closing JPA EntityManagerFactory for persistence unit 'default'
[2m2026-02-12T14:52:04.295+07:00[0;39m [32m INFO[0;39m [35m10403[0;39m [2m--- [           main] [0;39m[36mcom.zaxxer.hikari.HikariDataSource      [0;39m [2m:[0;39m HikariPool-1 - Shutdown initiated...
[2m2026-02-12T14:52:04.298+07:00[0;39m [32m INFO[0;39m [35m10403[0;39m [2m--- [           main] [0;39m[36mcom.zaxxer.hikari.HikariDataSource      [0;39m [2m:[0;39m HikariPool-1 - Shutdown completed.
[2m2026-02-12T14:52:04.301+07:00[0;39m [32m INFO[0;39m [35m10403[0;39m [2m--- [           main] [0;39m[36mo.apache.catalina.core.StandardService  [0;39m [2m:[0;39m Stopping service [Tomcat]
[2m2026-02-12T14:52:04.315+07:00[0;39m [32m INFO[0;39m [35m10403[0;39m [2m--- [           main] [0;39m[36m.s.b.a.l.ConditionEvaluationReportLogger[0;39m [2m:[0;39m 

Error starting ApplicationContext. To display the condition evaluation report re-run your application with 'debug' enabled.
[2m2026-02-12T14:52:04.331+07:00[0;39m [31mERROR[0;39m [35m10403[0;39m [2m--- [           main] [0;39m[36mo.s.boot.SpringApplication              [0;39m [2m:[0;39m Application run failed

org.springframework.beans.factory.UnsatisfiedDependencyException: Error creating bean with name 'blogController' defined in file [/Volumes/Projects/Projects/BiTi/hotel-system/backend/build/classes/java/main/com/blockcode/hotel/blog/api/BlogController.class]: Unsatisfied dependency expressed through constructor parameter 0: Error creating bean with name 'blogService' defined in file [/Volumes/Projects/Projects/BiTi/hotel-system/backend/build/classes/java/main/com/blockcode/hotel/blog/application/BlogService.class]: Unsatisfied dependency expressed through constructor parameter 0: Error creating bean with name 'blogRepository' defined in com.blockcode.hotel.blog.infra.BlogRepository defined in @EnableJpaRepositories declared on JpaRepositoriesRegistrar.EnableJpaRepositoriesConfiguration: Could not create query for public abstract java.util.List com.blockcode.hotel.blog.infra.BlogRepository.findAllByActiveTrueOrderByCreatedAtDesc(); Reason: Failed to create query for method public abstract java.util.List com.blockcode.hotel.blog.infra.BlogRepository.findAllByActiveTrueOrderByCreatedAtDesc(); Could not resolve attribute 'active' of 'com.blockcode.hotel.blog.domain.BlogEntity'
	at org.springframework.beans.factory.support.ConstructorResolver.createArgumentArray(ConstructorResolver.java:804) ~[spring-beans-6.2.7.jar:6.2.7]
	at org.springframework.beans.factory.support.ConstructorResolver.autowireConstructor(ConstructorResolver.java:240) ~[spring-beans-6.2.7.jar:6.2.7]
	at org.springframework.beans.factory.support.AbstractAutowireCapableBeanFactory.autowireConstructor(AbstractAutowireCapableBeanFactory.java:1395) ~[spring-beans-6.2.7.jar:6.2.7]
	at org.springframework.beans.factory.support.AbstractAutowireCapableBeanFactory.createBeanInstance(AbstractAutowireCapableBeanFactory.java:1232) ~[spring-beans-6.2.7.jar:6.2.7]
	at org.springframework.beans.factory.support.AbstractAutowireCapableBeanFactory.doCreateBean(AbstractAutowireCapableBeanFactory.java:569) ~[spring-beans-6.2.7.jar:6.2.7]
	at org.springframework.beans.factory.support.AbstractAutowireCapableBeanFactory.createBean(AbstractAutowireCapableBeanFactory.java:529) ~[spring-beans-6.2.7.jar:6.2.7]
	at org.springframework.beans.factory.support.AbstractBeanFactory.lambda$doGetBean$0(AbstractBeanFactory.java:339) ~[spring-beans-6.2.7.jar:6.2.7]
	at org.springframework.beans.factory.support.DefaultSingletonBeanRegistry.getSingleton(DefaultSingletonBeanRegistry.java:373) ~[spring-beans-6.2.7.jar:6.2.7]
	at org.springframework.beans.factory.support.AbstractBeanFactory.doGetBean(AbstractBeanFactory.java:337) ~[spring-beans-6.2.7.jar:6.2.7]
	at org.springframework.beans.factory.support.AbstractBeanFactory.getBean(AbstractBeanFactory.java:202) ~[spring-beans-6.2.7.jar:6.2.7]
	at org.springframework.beans.factory.support.DefaultListableBeanFactory.instantiateSingleton(DefaultListableBeanFactory.java:1222) ~[spring-beans-6.2.7.jar:6.2.7]
	at org.springframework.beans.factory.support.DefaultListableBeanFactory.preInstantiateSingleton(DefaultListableBeanFactory.java:1188) ~[spring-beans-6.2.7.jar:6.2.7]
	at org.springframework.beans.factory.support.DefaultListableBeanFactory.preInstantiateSingletons(DefaultListableBeanFactory.java:1123) ~[spring-beans-6.2.7.jar:6.2.7]
	at org.springframework.context.support.AbstractApplicationContext.finishBeanFactoryInitialization(AbstractApplicationContext.java:987) ~[spring-context-6.2.7.jar:6.2.7]
	at org.springframework.context.support.AbstractApplicationContext.refresh(AbstractApplicationContext.java:627) ~[spring-context-6.2.7.jar:6.2.7]
	at org.springframework.boot.web.servlet.context.ServletWebServerApplicationContext.refresh(ServletWebServerApplicationContext.java:146) ~[spring-boot-3.5.0.jar:3.5.0]
	at org.springframework.boot.SpringApplication.refresh(SpringApplication.java:753) ~[spring-boot-3.5.0.jar:3.5.0]
	at org.springframework.boot.SpringApplication.refreshContext(SpringApplication.java:439) ~[spring-boot-3.5.0.jar:3.5.0]
	at org.springframework.boot.SpringApplication.run(SpringApplication.java:318) ~[spring-boot-3.5.0.jar:3.5.0]
	at org.springframework.boot.SpringApplication.run(SpringApplication.java:1362) ~[spring-boot-3.5.0.jar:3.5.0]
	at org.springframework.boot.SpringApplication.run(SpringApplication.java:1351) ~[spring-boot-3.5.0.jar:3.5.0]
	at com.blockcode.hotel.HotelApplication.main(HotelApplication.java:9) ~[main/:na]
Caused by: org.springframework.beans.factory.UnsatisfiedDependencyException: Error creating bean with name 'blogService' defined in file [/Volumes/Projects/Projects/BiTi/hotel-system/backend/build/classes/java/main/com/blockcode/hotel/blog/application/BlogService.class]: Unsatisfied dependency expressed through constructor parameter 0: Error creating bean with name 'blogRepository' defined in com.blockcode.hotel.blog.infra.BlogRepository defined in @EnableJpaRepositories declared on JpaRepositoriesRegistrar.EnableJpaRepositoriesConfiguration: Could not create query for public abstract java.util.List com.blockcode.hotel.blog.infra.BlogRepository.findAllByActiveTrueOrderByCreatedAtDesc(); Reason: Failed to create query for method public abstract java.util.List com.blockcode.hotel.blog.infra.BlogRepository.findAllByActiveTrueOrderByCreatedAtDesc(); Could not resolve attribute 'active' of 'com.blockcode.hotel.blog.domain.BlogEntity'
	at org.springframework.beans.factory.support.ConstructorResolver.createArgumentArray(ConstructorResolver.java:804) ~[spring-beans-6.2.7.jar:6.2.7]
	at org.springframework.beans.factory.support.ConstructorResolver.autowireConstructor(ConstructorResolver.java:240) ~[spring-beans-6.2.7.jar:6.2.7]
	at org.springframework.beans.factory.support.AbstractAutowireCapableBeanFactory.autowireConstructor(AbstractAutowireCapableBeanFactory.java:1395) ~[spring-beans-6.2.7.jar:6.2.7]
	at org.springframework.beans.factory.support.AbstractAutowireCapableBeanFactory.createBeanInstance(AbstractAutowireCapableBeanFactory.java:1232) ~[spring-beans-6.2.7.jar:6.2.7]
	at org.springframework.beans.factory.support.AbstractAutowireCapableBeanFactory.doCreateBean(AbstractAutowireCapableBeanFactory.java:569) ~[spring-beans-6.2.7.jar:6.2.7]
	at org.springframework.beans.factory.support.AbstractAutowireCapableBeanFactory.createBean(AbstractAutowireCapableBeanFactory.java:529) ~[spring-beans-6.2.7.jar:6.2.7]
	at org.springframework.beans.factory.support.AbstractBeanFactory.lambda$doGetBean$0(AbstractBeanFactory.java:339) ~[spring-beans-6.2.7.jar:6.2.7]
	at org.springframework.beans.factory.support.DefaultSingletonBeanRegistry.getSingleton(DefaultSingletonBeanRegistry.java:373) ~[spring-beans-6.2.7.jar:6.2.7]
	at org.springframework.beans.factory.support.AbstractBeanFactory.doGetBean(AbstractBeanFactory.java:337) ~[spring-beans-6.2.7.jar:6.2.7]
	at org.springframework.beans.factory.support.AbstractBeanFactory.getBean(AbstractBeanFactory.java:202) ~[spring-beans-6.2.7.jar:6.2.7]
	at org.springframework.beans.factory.support.DefaultListableBeanFactory.doResolveDependency(DefaultListableBeanFactory.java:1682) ~[spring-beans-6.2.7.jar:6.2.7]
	at org.springframework.beans.factory.support.DefaultListableBeanFactory.resolveDependency(DefaultListableBeanFactory.java:1628) ~[spring-beans-6.2.7.jar:6.2.7]
	at org.springframework.beans.factory.support.ConstructorResolver.resolveAutowiredArgument(ConstructorResolver.java:913) ~[spring-beans-6.2.7.jar:6.2.7]
	at org.springframework.beans.factory.support.ConstructorResolver.createArgumentArray(ConstructorResolver.java:791) ~[spring-beans-6.2.7.jar:6.2.7]
	... 21 common frames omitted
Caused by: org.springframework.beans.factory.BeanCreationException: Error creating bean with name 'blogRepository' defined in com.blockcode.hotel.blog.infra.BlogRepository defined in @EnableJpaRepositories declared on JpaRepositoriesRegistrar.EnableJpaRepositoriesConfiguration: Could not create query for public abstract java.util.List com.blockcode.hotel.blog.infra.BlogRepository.findAllByActiveTrueOrderByCreatedAtDesc(); Reason: Failed to create query for method public abstract java.util.List com.blockcode.hotel.blog.infra.BlogRepository.findAllByActiveTrueOrderByCreatedAtDesc(); Could not resolve attribute 'active' of 'com.blockcode.hotel.blog.domain.BlogEntity'
	at org.springframework.beans.factory.support.AbstractAutowireCapableBeanFactory.initializeBean(AbstractAutowireCapableBeanFactory.java:1826) ~[spring-beans-6.2.7.jar:6.2.7]
	at org.springframework.beans.factory.support.AbstractAutowireCapableBeanFactory.doCreateBean(AbstractAutowireCapableBeanFactory.java:607) ~[spring-beans-6.2.7.jar:6.2.7]
	at org.springframework.beans.factory.support.AbstractAutowireCapableBeanFactory.createBean(AbstractAutowireCapableBeanFactory.java:529) ~[spring-beans-6.2.7.jar:6.2.7]
	at org.springframework.beans.factory.support.AbstractBeanFactory.lambda$doGetBean$0(AbstractBeanFactory.java:339) ~[spring-beans-6.2.7.jar:6.2.7]
	at org.springframework.beans.factory.support.DefaultSingletonBeanRegistry.getSingleton(DefaultSingletonBeanRegistry.java:373) ~[spring-beans-6.2.7.jar:6.2.7]
	at org.springframework.beans.factory.support.AbstractBeanFactory.doGetBean(AbstractBeanFactory.java:337) ~[spring-beans-6.2.7.jar:6.2.7]
	at org.springframework.beans.factory.support.AbstractBeanFactory.getBean(AbstractBeanFactory.java:202) ~[spring-beans-6.2.7.jar:6.2.7]
	at org.springframework.beans.factory.support.DefaultListableBeanFactory.doResolveDependency(DefaultListableBeanFactory.java:1682) ~[spring-beans-6.2.7.jar:6.2.7]
	at org.springframework.beans.factory.support.DefaultListableBeanFactory.resolveDependency(DefaultListableBeanFactory.java:1628) ~[spring-beans-6.2.7.jar:6.2.7]
	at org.springframework.beans.factory.support.ConstructorResolver.resolveAutowiredArgument(ConstructorResolver.java:913) ~[spring-beans-6.2.7.jar:6.2.7]
	at org.springframework.beans.factory.support.ConstructorResolver.createArgumentArray(ConstructorResolver.java:791) ~[spring-beans-6.2.7.jar:6.2.7]
	... 34 common frames omitted
Caused by: org.springframework.data.repository.query.QueryCreationException: Could not create query for public abstract java.util.List com.blockcode.hotel.blog.infra.BlogRepository.findAllByActiveTrueOrderByCreatedAtDesc(); Reason: Failed to create query for method public abstract java.util.List com.blockcode.hotel.blog.infra.BlogRepository.findAllByActiveTrueOrderByCreatedAtDesc(); Could not resolve attribute 'active' of 'com.blockcode.hotel.blog.domain.BlogEntity'
	at org.springframework.data.repository.query.QueryCreationException.create(QueryCreationException.java:101) ~[spring-data-commons-3.5.0.jar:3.5.0]
	at org.springframework.data.repository.core.support.QueryExecutorMethodInterceptor.lookupQuery(QueryExecutorMethodInterceptor.java:120) ~[spring-data-commons-3.5.0.jar:3.5.0]
	at org.springframework.data.repository.core.support.QueryExecutorMethodInterceptor.mapMethodsToQuery(QueryExecutorMethodInterceptor.java:104) ~[spring-data-commons-3.5.0.jar:3.5.0]
	at org.springframework.data.repository.core.support.QueryExecutorMethodInterceptor.lambda$new$0(QueryExecutorMethodInterceptor.java:92) ~[spring-data-commons-3.5.0.jar:3.5.0]
	at java.base/java.util.Optional.map(Optional.java:260) ~[na:na]
	at org.springframework.data.repository.core.support.QueryExecutorMethodInterceptor.<init>(QueryExecutorMethodInterceptor.java:92) ~[spring-data-commons-3.5.0.jar:3.5.0]
	at org.springframework.data.repository.core.support.RepositoryFactorySupport.getRepository(RepositoryFactorySupport.java:434) ~[spring-data-commons-3.5.0.jar:3.5.0]
	at org.springframework.data.repository.core.support.RepositoryFactoryBeanSupport.lambda$afterPropertiesSet$4(RepositoryFactoryBeanSupport.java:350) ~[spring-data-commons-3.5.0.jar:3.5.0]
	at org.springframework.data.util.Lazy.getNullable(Lazy.java:135) ~[spring-data-commons-3.5.0.jar:3.5.0]
	at org.springframework.data.util.Lazy.get(Lazy.java:113) ~[spring-data-commons-3.5.0.jar:3.5.0]
	at org.springframework.data.repository.core.support.RepositoryFactoryBeanSupport.afterPropertiesSet(RepositoryFactoryBeanSupport.java:356) ~[spring-data-commons-3.5.0.jar:3.5.0]
	at org.springframework.data.jpa.repository.support.JpaRepositoryFactoryBean.afterPropertiesSet(JpaRepositoryFactoryBean.java:132) ~[spring-data-jpa-3.5.0.jar:3.5.0]
	at org.springframework.beans.factory.support.AbstractAutowireCapableBeanFactory.invokeInitMethods(AbstractAutowireCapableBeanFactory.java:1873) ~[spring-beans-6.2.7.jar:6.2.7]
	at org.springframework.beans.factory.support.AbstractAutowireCapableBeanFactory.initializeBean(AbstractAutowireCapableBeanFactory.java:1822) ~[spring-beans-6.2.7.jar:6.2.7]
	... 44 common frames omitted
Caused by: java.lang.IllegalArgumentException: Failed to create query for method public abstract java.util.List com.blockcode.hotel.blog.infra.BlogRepository.findAllByActiveTrueOrderByCreatedAtDesc(); Could not resolve attribute 'active' of 'com.blockcode.hotel.blog.domain.BlogEntity'
	at org.springframework.data.jpa.repository.query.PartTreeJpaQuery.<init>(PartTreeJpaQuery.java:107) ~[spring-data-jpa-3.5.0.jar:3.5.0]
	at org.springframework.data.jpa.repository.query.JpaQueryLookupStrategy$CreateQueryLookupStrategy.resolveQuery(JpaQueryLookupStrategy.java:128) ~[spring-data-jpa-3.5.0.jar:3.5.0]
	at org.springframework.data.jpa.repository.query.JpaQueryLookupStrategy$CreateIfNotFoundQueryLookupStrategy.resolveQuery(JpaQueryLookupStrategy.java:260) ~[spring-data-jpa-3.5.0.jar:3.5.0]
	at org.springframework.data.jpa.repository.query.JpaQueryLookupStrategy$AbstractQueryLookupStrategy.resolveQuery(JpaQueryLookupStrategy.java:99) ~[spring-data-jpa-3.5.0.jar:3.5.0]
	at org.springframework.data.repository.core.support.QueryExecutorMethodInterceptor.lookupQuery(QueryExecutorMethodInterceptor.java:116) ~[spring-data-commons-3.5.0.jar:3.5.0]
	... 56 common frames omitted
Caused by: org.hibernate.query.sqm.PathElementException: Could not resolve attribute 'active' of 'com.blockcode.hotel.blog.domain.BlogEntity'
	at org.hibernate.query.sqm.SqmPathSource.getSubPathSource(SqmPathSource.java:95) ~[hibernate-core-6.6.15.Final.jar:6.6.15.Final]
	at org.hibernate.query.sqm.tree.domain.AbstractSqmPath.get(AbstractSqmPath.java:198) ~[hibernate-core-6.6.15.Final.jar:6.6.15.Final]
	at org.hibernate.query.sqm.tree.domain.AbstractSqmPath.get(AbstractSqmPath.java:44) ~[hibernate-core-6.6.15.Final.jar:6.6.15.Final]
	at org.springframework.data.jpa.repository.query.QueryUtils.getModelForPath(QueryUtils.java:964) ~[spring-data-jpa-3.5.0.jar:3.5.0]
	at org.springframework.data.jpa.repository.query.QueryUtils.requiresOuterJoin(QueryUtils.java:814) ~[spring-data-jpa-3.5.0.jar:3.5.0]
	at org.springframework.data.jpa.repository.query.QueryUtils.toExpressionRecursively(QueryUtils.java:769) ~[spring-data-jpa-3.5.0.jar:3.5.0]
	at org.springframework.data.jpa.repository.query.QueryUtils.toExpressionRecursively(QueryUtils.java:748) ~[spring-data-jpa-3.5.0.jar:3.5.0]
	at org.springframework.data.jpa.repository.query.QueryUtils.toExpressionRecursively(QueryUtils.java:743) ~[spring-data-jpa-3.5.0.jar:3.5.0]
	at org.springframework.data.jpa.repository.query.JpaQueryCreator$PredicateBuilder.getTypedPath(JpaQueryCreator.java:393) ~[spring-data-jpa-3.5.0.jar:3.5.0]
	at org.springframework.data.jpa.repository.query.JpaQueryCreator$PredicateBuilder.build(JpaQueryCreator.java:304) ~[spring-data-jpa-3.5.0.jar:3.5.0]
	at org.springframework.data.jpa.repository.query.JpaQueryCreator.toPredicate(JpaQueryCreator.java:211) ~[spring-data-jpa-3.5.0.jar:3.5.0]
	at org.springframework.data.jpa.repository.query.JpaQueryCreator.create(JpaQueryCreator.java:122) ~[spring-data-jpa-3.5.0.jar:3.5.0]
	at org.springframework.data.jpa.repository.query.JpaQueryCreator.create(JpaQueryCreator.java:1) ~[spring-data-jpa-3.5.0.jar:3.5.0]
	at org.springframework.data.repository.query.parser.AbstractQueryCreator.createCriteria(AbstractQueryCreator.java:119) ~[spring-data-commons-3.5.0.jar:3.5.0]
	at org.springframework.data.repository.query.parser.AbstractQueryCreator.createQuery(AbstractQueryCreator.java:95) ~[spring-data-commons-3.5.0.jar:3.5.0]
	at org.springframework.data.repository.query.parser.AbstractQueryCreator.createQuery(AbstractQueryCreator.java:81) ~[spring-data-commons-3.5.0.jar:3.5.0]
	at org.springframework.data.jpa.repository.query.PartTreeJpaQuery$QueryPreparer.<init>(PartTreeJpaQuery.java:224) ~[spring-data-jpa-3.5.0.jar:3.5.0]
	at org.springframework.data.jpa.repository.query.PartTreeJpaQuery$CountQueryPreparer.<init>(PartTreeJpaQuery.java:370) ~[spring-data-jpa-3.5.0.jar:3.5.0]
	at org.springframework.data.jpa.repository.query.PartTreeJpaQuery.<init>(PartTreeJpaQuery.java:103) ~[spring-data-jpa-3.5.0.jar:3.5.0]
	... 60 common frames omitted


> Task :bootRun FAILED

FAILURE: Build failed with an exception.

* What went wrong:
Execution failed for task ':bootRun'.
> Process 'command '/Library/Java/JavaVirtualMachines/temurin-21.jdk/Contents/Home/bin/java'' finished with non-zero exit value 1

* Try:
> Run with --stacktrace option to get the stack trace.
> Run with --info or --debug option to get more log output.
> Run with --scan to get full insights.
> Get more help at https://help.gradle.org.

BUILD FAILED in 8s
4 actionable tasks: 1 executed, 3 up-to-date
